生成启动时间为 2017/10/2 20:45:08。
     1>项目“D:\数据结构与算法\Algorithm\算法\算法\算法.vcxproj”在节点 2 上(Build 个目标)。
     1>ClCompile:
         D:\VS2015\VC\bin\CL.exe /c /ZI /nologo /W3 /WX- /Od /Oy- /D WIN32 /D _DEBUG /D _CONSOLE /D _UNICODE /D UNICODE /Gm /EHsc /RTC1 /MDd /GS /fp:precise /Zc:wchar_t /Zc:forScope /Zc:inline /Fo"Debug\\" /Fd"Debug\vc140.pdb" /Gd /TP /analyze- /errorReport:prompt main.cpp
         main.cpp
     1>d:\数据结构与算法\algorithm\算法\算法\linklist.h(30): error C2955: “Node”: 使用 类 模板 需要 模板 参数列表
         d:\数据结构与算法\algorithm\算法\算法\linklist.h(5): note: 参见“Node”的声明
         d:\数据结构与算法\algorithm\算法\算法\linklist.h(29): note: 编译类 模板 成员函数“LinkList<int>::LinkList(DataType [],int)”时
                 with
                 [
                     DataType=int
                 ]
         d:\数据结构与算法\algorithm\算法\算法\main.cpp(9): note: 参见对正在编译的函数 模板 实例化“LinkList<int>::LinkList(DataType [],int)”的引用
                 with
                 [
                     DataType=int
                 ]
         d:\数据结构与算法\algorithm\算法\算法\main.cpp(9): note: 参见对正在编译的类 模板 实例化“LinkList<int>”的引用
     1>d:\数据结构与算法\algorithm\算法\算法\linklist.h(30): error C2512: “Node”: 没有合适的默认构造函数可用
     1>d:\数据结构与算法\algorithm\算法\算法\linklist.h(33): error C2512: “Node”: 没有合适的默认构造函数可用
     1>已完成生成项目“D:\数据结构与算法\Algorithm\算法\算法\算法.vcxproj”(Build 个目标)的操作 - 失败。

生成失败。

已用时间 00:00:00.80
